This file contains any messages produced by compilers while
running configure, to aid debugging if configure makes a mistake.

It was created by pocketsphinx configure 0.5.1, which was
generated by GNU Autoconf 2.61.  Invocation command line was

  $ ./configure --prefix=/Users/madelinelittlejohn/Final-Project-NLP/pocketsphinx-0.5/pocketsphinx/inst --disable-shared --without-python --with-sphinxbase=/Users/madelinelittlejohn/Final-Project-NLP/pocketsphinx-0.5/pocketsphinx/../sphinxbase

## --------- ##
## Platform. ##
## --------- ##

hostname = Madelines-MacBook-Air-4.local
uname -m = x86_64
uname -r = 19.6.0
uname -s = Darwin
uname -v = Darwin Kernel Version 19.6.0: Sun Jul  5 00:43:10 PDT 2020; root:xnu-6153.141.1~9/RELEASE_X86_64

/usr/bin/uname -p = i386
/bin/uname -X     = unknown

/bin/arch              = unknown
/usr/bin/arch -k       = unknown
/usr/convex/getsysinfo = unknown
/usr/bin/hostinfo      = Mach kernel version:
	 Darwin Kernel Version 19.6.0: Sun Jul  5 00:43:10 PDT 2020; root:xnu-6153.141.1~9/RELEASE_X86_64
Kernel configured for up to 4 processors.
2 processors are physically available.
4 processors are logically available.
Processor type: x86_64h (Intel x86-64h Haswell)
Processors active: 0 1 2 3
Primary memory available: 4.00 gigabytes
Default processor set: 286 tasks, 1798 threads, 4 processors
Load average: 5.42, Mach factor: 0.60
/bin/machine           = unknown
/usr/bin/oslevel       = unknown
/bin/universe          = unknown

PATH: /opt/anaconda3/bin
PATH: /opt/anaconda3/condabin
PATH: /opt/local/bin
PATH: /opt/local/sbin
PATH: /Library/Frameworks/Python.framework/Versions/3.7/bin
PATH: /usr/local/bin
PATH: /usr/local/bin
PATH: /usr/bin
PATH: /bin
PATH: /usr/sbin
PATH: /sbin
PATH: /Library/Apple/usr/bin


## ----------- ##
## Core tests. ##
## ----------- ##

configure:2021: checking for a BSD-compatible install
configure:2077: result: /usr/bin/install -c
configure:2088: checking whether build environment is sane
configure:2131: result: yes
configure:2196: checking for gawk
configure:2226: result: no
configure:2196: checking for mawk
configure:2226: result: no
configure:2196: checking for nawk
configure:2226: result: no
configure:2196: checking for awk
configure:2212: found /usr/bin/awk
configure:2223: result: awk
configure:2234: checking whether make sets $(MAKE)
configure:2255: result: yes
configure:2441: checking build system type
configure:2459: result: i386-apple-darwin19.6.0
configure:2481: checking host system type
configure:2496: result: i386-apple-darwin19.6.0
configure:2584: checking for gcc
configure:2600: found /usr/bin/gcc
configure:2611: result: gcc
configure:2849: checking for C compiler version
configure:2856: gcc --version >&5
Configured with: --prefix=/Library/Developer/CommandLineTools/usr --with-gxx-include-dir=/Library/Developer/CommandLineTools/SDKs/MacOSX.sdk/usr/include/c++/4.2.1
Apple clang version 11.0.3 (clang-1103.0.32.62)
Target: x86_64-apple-darwin19.6.0
Thread model: posix
InstalledDir: /Library/Developer/CommandLineTools/usr/bin
configure:2859: $? = 0
configure:2866: gcc -v >&5
Configured with: --prefix=/Library/Developer/CommandLineTools/usr --with-gxx-include-dir=/Library/Developer/CommandLineTools/SDKs/MacOSX.sdk/usr/include/c++/4.2.1
Apple clang version 11.0.3 (clang-1103.0.32.62)
Target: x86_64-apple-darwin19.6.0
Thread model: posix
InstalledDir: /Library/Developer/CommandLineTools/usr/bin
configure:2869: $? = 0
configure:2876: gcc -V >&5
clang: error: unsupported option '-V -Wno-objc-signed-char-bool-implicit-int-conversion'
clang: error: no input files
configure:2879: $? = 1
configure:2902: checking for C compiler default output file name
configure:2929: gcc -g -O2 -Wall   conftest.c  -framework CoreAudio -framework AudioToolbox >&5
configure:2932: $? = 0
configure:2970: result: a.out
configure:2987: checking whether the C compiler works
configure:2997: ./a.out
configure:3000: $? = 0
configure:3017: result: yes
configure:3024: checking whether we are cross compiling
configure:3026: result: no
configure:3029: checking for suffix of executables
configure:3036: gcc -o conftest -g -O2 -Wall   conftest.c  -framework CoreAudio -framework AudioToolbox >&5
configure:3039: $? = 0
configure:3063: result: 
configure:3069: checking for suffix of object files
configure:3095: gcc -c -g -O2 -Wall  conftest.c >&5
configure:3098: $? = 0
configure:3121: result: o
configure:3125: checking whether we are using the GNU C compiler
configure:3154: gcc -c -g -O2 -Wall  conftest.c >&5
configure:3160: $? = 0
configure:3177: result: yes
configure:3182: checking whether gcc accepts -g
configure:3212: gcc -c -g  conftest.c >&5
configure:3218: $? = 0
configure:3317: result: yes
configure:3334: checking for gcc option to accept ISO C89
configure:3408: gcc  -c -g -O2 -Wall  conftest.c >&5
configure:3414: $? = 0
configure:3437: result: none needed
configure:3466: checking for style of include used by make
configure:3494: result: GNU
configure:3522: checking dependency style of gcc
configure:3612: result: gcc3
configure:3701: checking for a sed that does not truncate output
configure:3757: result: /usr/bin/sed
configure:3760: checking for grep that handles long lines and -e
configure:3834: result: /usr/bin/grep
configure:3839: checking for egrep
configure:3917: result: /usr/bin/grep -E
configure:3933: checking for ld used by gcc
configure:4000: result: /Library/Developer/CommandLineTools/usr/bin/ld
configure:4009: checking if the linker (/Library/Developer/CommandLineTools/usr/bin/ld) is GNU ld
configure:4024: result: no
configure:4029: checking for /Library/Developer/CommandLineTools/usr/bin/ld option to reload object files
configure:4036: result: -r
configure:4054: checking for BSD-compatible nm
configure:4103: result: /usr/bin/nm -B
configure:4107: checking whether ln -s works
configure:4111: result: yes
configure:4118: checking how to recognize dependent libraries
configure:4304: result: pass_all
configure:4549: checking how to run the C preprocessor
configure:4589: gcc -E  conftest.c
configure:4595: $? = 0
configure:4626: gcc -E  conftest.c
conftest.c:8:10: fatal error: 'ac_nonexistent.h' file not found
#include <ac_nonexistent.h>
         ^~~~~~~~~~~~~~~~~~
1 error generated.
configure:4632: $? = 1
configure: failed program was:
| /* confdefs.h.  */
| #define PACKAGE_NAME "pocketsphinx"
| #define PACKAGE_TARNAME "pocketsphinx"
| #define PACKAGE_VERSION "0.5.1"
| #define PACKAGE_STRING "pocketsphinx 0.5.1"
| #define PACKAGE_BUGREPORT ""
| /* end confdefs.h.  */
| #include <ac_nonexistent.h>
configure:4665: result: gcc -E
configure:4694: gcc -E  conftest.c
configure:4700: $? = 0
configure:4731: gcc -E  conftest.c
conftest.c:8:10: fatal error: 'ac_nonexistent.h' file not found
#include <ac_nonexistent.h>
         ^~~~~~~~~~~~~~~~~~
1 error generated.
configure:4737: $? = 1
configure: failed program was:
| /* confdefs.h.  */
| #define PACKAGE_NAME "pocketsphinx"
| #define PACKAGE_TARNAME "pocketsphinx"
| #define PACKAGE_VERSION "0.5.1"
| #define PACKAGE_STRING "pocketsphinx 0.5.1"
| #define PACKAGE_BUGREPORT ""
| /* end confdefs.h.  */
| #include <ac_nonexistent.h>
configure:4775: checking for ANSI C header files
configure:4805: gcc -c -g -O2 -Wall  conftest.c >&5
configure:4811: $? = 0
configure:4910: gcc -o conftest -g -O2 -Wall   conftest.c  -framework CoreAudio -framework AudioToolbox >&5
configure:4913: $? = 0
configure:4919: ./conftest
configure:4922: $? = 0
configure:4939: result: yes
configure:4963: checking for sys/types.h
configure:4984: gcc -c -g -O2 -Wall  conftest.c >&5
configure:4990: $? = 0
configure:5006: result: yes
configure:4963: checking for sys/stat.h
configure:4984: gcc -c -g -O2 -Wall  conftest.c >&5
configure:4990: $? = 0
configure:5006: result: yes
configure:4963: checking for stdlib.h
configure:4984: gcc -c -g -O2 -Wall  conftest.c >&5
configure:4990: $? = 0
configure:5006: result: yes
configure:4963: checking for string.h
configure:4984: gcc -c -g -O2 -Wall  conftest.c >&5
configure:4990: $? = 0
configure:5006: result: yes
configure:4963: checking for memory.h
configure:4984: gcc -c -g -O2 -Wall  conftest.c >&5
configure:4990: $? = 0
configure:5006: result: yes
configure:4963: checking for strings.h
configure:4984: gcc -c -g -O2 -Wall  conftest.c >&5
configure:4990: $? = 0
configure:5006: result: yes
configure:4963: checking for inttypes.h
configure:4984: gcc -c -g -O2 -Wall  conftest.c >&5
configure:4990: $? = 0
configure:5006: result: yes
configure:4963: checking for stdint.h
configure:4984: gcc -c -g -O2 -Wall  conftest.c >&5
configure:4990: $? = 0
configure:5006: result: yes
configure:4963: checking for unistd.h
configure:4984: gcc -c -g -O2 -Wall  conftest.c >&5
configure:4990: $? = 0
configure:5006: result: yes
configure:5033: checking dlfcn.h usability
configure:5050: gcc -c -g -O2 -Wall  conftest.c >&5
configure:5056: $? = 0
configure:5070: result: yes
configure:5074: checking dlfcn.h presence
configure:5089: gcc -E  conftest.c
configure:5095: $? = 0
configure:5109: result: yes
configure:5137: checking for dlfcn.h
configure:5145: result: yes
configure:5216: checking for g++
configure:5232: found /usr/bin/g++
configure:5243: result: g++
configure:5274: checking for C++ compiler version
configure:5281: g++ --version >&5
Configured with: --prefix=/Library/Developer/CommandLineTools/usr --with-gxx-include-dir=/Library/Developer/CommandLineTools/SDKs/MacOSX.sdk/usr/include/c++/4.2.1
Apple clang version 11.0.3 (clang-1103.0.32.62)
Target: x86_64-apple-darwin19.6.0
Thread model: posix
InstalledDir: /Library/Developer/CommandLineTools/usr/bin
configure:5284: $? = 0
configure:5291: g++ -v >&5
Configured with: --prefix=/Library/Developer/CommandLineTools/usr --with-gxx-include-dir=/Library/Developer/CommandLineTools/SDKs/MacOSX.sdk/usr/include/c++/4.2.1
Apple clang version 11.0.3 (clang-1103.0.32.62)
Target: x86_64-apple-darwin19.6.0
Thread model: posix
InstalledDir: /Library/Developer/CommandLineTools/usr/bin
configure:5294: $? = 0
configure:5301: g++ -V >&5
clang: error: unsupported option '-V -Wno-objc-signed-char-bool-implicit-int-conversion'
clang: error: no input files
configure:5304: $? = 1
configure:5307: checking whether we are using the GNU C++ compiler
configure:5336: g++ -c   conftest.cpp >&5
configure:5342: $? = 0
configure:5359: result: yes
configure:5364: checking whether g++ accepts -g
configure:5394: g++ -c -g  conftest.cpp >&5
configure:5400: $? = 0
configure:5499: result: yes
configure:5524: checking dependency style of g++
configure:5614: result: gcc3
configure:5641: checking how to run the C++ preprocessor
configure:5677: g++ -E  conftest.cpp
configure:5683: $? = 0
configure:5714: g++ -E  conftest.cpp
conftest.cpp:19:10: fatal error: 'ac_nonexistent.h' file not found
#include <ac_nonexistent.h>
         ^~~~~~~~~~~~~~~~~~
1 error generated.
configure:5720: $? = 1
configure: failed program was:
| /* confdefs.h.  */
| #define PACKAGE_NAME "pocketsphinx"
| #define PACKAGE_TARNAME "pocketsphinx"
| #define PACKAGE_VERSION "0.5.1"
| #define PACKAGE_STRING "pocketsphinx 0.5.1"
| #define PACKAGE_BUGREPORT ""
| #define STDC_HEADERS 1
| #define HAVE_SYS_TYPES_H 1
| #define HAVE_SYS_STAT_H 1
| #define HAVE_STDLIB_H 1
| #define HAVE_STRING_H 1
| #define HAVE_MEMORY_H 1
| #define HAVE_STRINGS_H 1
| #define HAVE_INTTYPES_H 1
| #define HAVE_STDINT_H 1
| #define HAVE_UNISTD_H 1
| #define HAVE_DLFCN_H 1
| /* end confdefs.h.  */
| #include <ac_nonexistent.h>
configure:5753: result: g++ -E
configure:5782: g++ -E  conftest.cpp
configure:5788: $? = 0
configure:5819: g++ -E  conftest.cpp
conftest.cpp:19:10: fatal error: 'ac_nonexistent.h' file not found
#include <ac_nonexistent.h>
         ^~~~~~~~~~~~~~~~~~
1 error generated.
configure:5825: $? = 1
configure: failed program was:
| /* confdefs.h.  */
| #define PACKAGE_NAME "pocketsphinx"
| #define PACKAGE_TARNAME "pocketsphinx"
| #define PACKAGE_VERSION "0.5.1"
| #define PACKAGE_STRING "pocketsphinx 0.5.1"
| #define PACKAGE_BUGREPORT ""
| #define STDC_HEADERS 1
| #define HAVE_SYS_TYPES_H 1
| #define HAVE_SYS_STAT_H 1
| #define HAVE_STDLIB_H 1
| #define HAVE_STRING_H 1
| #define HAVE_MEMORY_H 1
| #define HAVE_STRINGS_H 1
| #define HAVE_INTTYPES_H 1
| #define HAVE_STDINT_H 1
| #define HAVE_UNISTD_H 1
| #define HAVE_DLFCN_H 1
| /* end confdefs.h.  */
| #include <ac_nonexistent.h>
configure:5918: checking for g77
configure:5948: result: no
configure:5918: checking for xlf
configure:5948: result: no
configure:5918: checking for f77
configure:5948: result: no
configure:5918: checking for frt
configure:5948: result: no
configure:5918: checking for pgf77
configure:5948: result: no
configure:5918: checking for cf77
configure:5948: result: no
configure:5918: checking for fort77
configure:5948: result: no
configure:5918: checking for fl32
configure:5948: result: no
configure:5918: checking for af77
configure:5948: result: no
configure:5918: checking for xlf90
configure:5948: result: no
configure:5918: checking for f90
configure:5948: result: no
configure:5918: checking for pgf90
configure:5948: result: no
configure:5918: checking for pghpf
configure:5948: result: no
configure:5918: checking for epcf90
configure:5948: result: no
configure:5918: checking for gfortran
configure:5934: found /usr/local/bin/gfortran
configure:5945: result: gfortran
configure:5975: checking for Fortran 77 compiler version
configure:5982: gfortran --version >&5
GNU Fortran (Homebrew GCC 10.1.0) 10.1.0
Copyright (C) 2020 Free Software Foundation, Inc.
This is free software; see the source for copying conditions.  There is NO
warranty; not even for MERCHANTABILITY or FITNESS FOR A PARTICULAR PURPOSE.

configure:5985: $? = 0
configure:5992: gfortran -v >&5
Using built-in specs.
COLLECT_GCC=gfortran
COLLECT_LTO_WRAPPER=/usr/local/Cellar/gcc/10.1.0/libexec/gcc/x86_64-apple-darwin17/10.1.0/lto-wrapper
Target: x86_64-apple-darwin17
Configured with: ../configure --build=x86_64-apple-darwin17 --prefix=/usr/local/Cellar/gcc/10.1.0 --libdir=/usr/local/Cellar/gcc/10.1.0/lib/gcc/10 --disable-nls --enable-checking=release --enable-languages=c,c++,objc,obj-c++,fortran --program-suffix=-10 --with-gmp=/usr/local/opt/gmp --with-mpfr=/usr/local/opt/mpfr --with-mpc=/usr/local/opt/libmpc --with-isl=/usr/local/opt/isl --with-system-zlib --with-pkgversion='Homebrew GCC 10.1.0' --with-bugurl=https://github.com/Homebrew/homebrew-core/issues --disable-multilib SED=/usr/bin/sed
Thread model: posix
Supported LTO compression algorithms: zlib
gcc version 10.1.0 (Homebrew GCC 10.1.0) 
configure:5995: $? = 0
configure:6002: gfortran -V >&5
gfortran: error: unrecognized command-line option '-V'
gfortran: fatal error: no input files
compilation terminated.
configure:6005: $? = 1
configure:6013: checking whether we are using the GNU Fortran 77 compiler
configure:6032: gfortran -c  conftest.F >&5
configure:6038: $? = 0
configure:6055: result: yes
configure:6061: checking whether gfortran accepts -g
configure:6078: gfortran -c -g conftest.f >&5
configure:6084: $? = 0
configure:6100: result: yes
configure:6129: checking the maximum length of command line arguments
configure:6241: result: 196608
configure:6253: checking command to parse /usr/bin/nm -B output from gcc object
configure:6358: gcc -c -g -O2 -Wall  conftest.c >&5
configure:6361: $? = 0
configure:6365: /usr/bin/nm -B conftest.o \| sed -n -e 's/^.*[ 	]\([BCDEGRST][BCDEGRST]*\)[ 	][ 	]*\([_A-Za-z][_A-Za-z0-9]*\)$/\1 \2 \2/p' \> conftest.nm
configure:6368: $? = 0
cannot find nm_test_var in conftest.nm
configure:6358: gcc -c -g -O2 -Wall  conftest.c >&5
configure:6361: $? = 0
configure:6365: /usr/bin/nm -B conftest.o \| sed -n -e 's/^.*[ 	]\([BCDEGRST][BCDEGRST]*\)[ 	][ 	]*_\([_A-Za-z][_A-Za-z0-9]*\)$/\1 _\2 \2/p' \> conftest.nm
configure:6368: $? = 0
configure:6420: gcc -o conftest -g -O2 -Wall   conftest.c conftstm.o >&5
warning: (x86_64)  could not find object file symbol for symbol _main
configure:6423: $? = 0
configure:6461: result: ok
configure:6465: checking for objdir
configure:6480: result: .libs
configure:6572: checking for ar
configure:6588: found /usr/bin/ar
configure:6599: result: ar
configure:6668: checking for ranlib
configure:6684: found /usr/bin/ranlib
configure:6695: result: ranlib
configure:6764: checking for strip
configure:6780: found /usr/bin/strip
configure:6791: result: strip
configure:7048: checking for dsymutil
configure:7064: found /usr/bin/dsymutil
configure:7075: result: dsymutil
configure:7144: checking for nmedit
configure:7160: found /usr/bin/nmedit
configure:7171: result: nmedit
configure:7198: checking for -single_module linker flag
configure:7219: result: yes
configure:7221: checking for -exported_symbols_list linker flag
configure:7251: gcc -o conftest -g -O2 -Wall   -Wl,-exported_symbols_list,conftest.sym conftest.c  -framework CoreAudio -framework AudioToolbox >&5
configure:7257: $? = 0
configure:7276: result: yes
configure:7389: checking if gcc supports -fno-rtti -fno-exceptions
configure:7407: gcc -c -g -O2 -Wall  -fno-rtti -fno-exceptions conftest.c >&5
configure:7411: $? = 0
configure:7424: result: yes
configure:7439: checking for gcc option to produce PIC
configure:7671: result: -fno-common
configure:7679: checking if gcc PIC flag -fno-common works
configure:7697: gcc -c -g -O2 -Wall  -fno-common -DPIC conftest.c >&5
configure:7701: $? = 0
configure:7714: result: yes
configure:7742: checking if gcc static flag -static works
configure:7770: result: no
configure:7780: checking if gcc supports -c -o file.o
configure:7801: gcc -c -g -O2 -Wall  -o out/conftest2.o conftest.c >&5
configure:7805: $? = 0
configure:7827: result: yes
configure:7853: checking whether the gcc linker (/Library/Developer/CommandLineTools/usr/bin/ld) supports shared libraries
configure:8834: result: yes
configure:8901: checking dynamic linker characteristics
configure:9515: result: darwin19.6.0 dyld
configure:9539: checking how to hardcode library paths into programs
configure:9564: result: immediate
configure:9578: checking whether stripping libraries is possible
configure:9592: result: yes
configure:10385: checking if libtool supports shared libraries
configure:10387: result: yes
configure:10390: checking whether to build shared libraries
configure:10411: result: no
configure:10414: checking whether to build static libraries
configure:10418: result: yes
configure:10512: creating libtool
configure:11105: checking for ld used by g++
configure:11172: result: /Library/Developer/CommandLineTools/usr/bin/ld
configure:11181: checking if the linker (/Library/Developer/CommandLineTools/usr/bin/ld) is GNU ld
configure:11196: result: no
configure:11247: checking whether the g++ linker (/Library/Developer/CommandLineTools/usr/bin/ld) supports shared libraries
configure:12193: result: yes
configure:12210: g++ -c -g -O2  conftest.cpp >&5
configure:12213: $? = 0
configure:12369: checking for g++ option to produce PIC
configure:12653: result: -fno-common
configure:12661: checking if g++ PIC flag -fno-common works
configure:12679: g++ -c -g -O2  -fno-common -DPIC conftest.cpp >&5
configure:12683: $? = 0
configure:12696: result: yes
configure:12724: checking if g++ static flag -static works
configure:12752: result: no
configure:12762: checking if g++ supports -c -o file.o
configure:12783: g++ -c -g -O2  -o out/conftest2.o conftest.cpp >&5
configure:12787: $? = 0
configure:12809: result: yes
configure:12835: checking whether the g++ linker (/Library/Developer/CommandLineTools/usr/bin/ld) supports shared libraries
configure:12864: result: yes
configure:12931: checking dynamic linker characteristics
configure:13493: result: darwin19.6.0 dyld
configure:13517: checking how to hardcode library paths into programs
configure:13542: result: immediate
configure:14081: checking if libtool supports shared libraries
configure:14083: result: yes
configure:14086: checking whether to build shared libraries
configure:14106: result: no
configure:14109: checking whether to build static libraries
configure:14113: result: yes
configure:14123: checking for gfortran option to produce PIC
configure:14355: result: -fno-common
configure:14363: checking if gfortran PIC flag -fno-common works
configure:14381: gfortran -c -g -O2 -fno-common conftest.f >&5
configure:14385: $? = 0
configure:14398: result: yes
configure:14426: checking if gfortran static flag -static works
configure:14454: result: no
configure:14464: checking if gfortran supports -c -o file.o
configure:14485: gfortran -c -g -O2 -o out/conftest2.o conftest.f >&5
configure:14489: $? = 0
configure:14511: result: yes
configure:14537: checking whether the gfortran linker (/Library/Developer/CommandLineTools/usr/bin/ld) supports shared libraries
configure:15498: result: yes
configure:15565: checking dynamic linker characteristics
configure:16127: result: darwin19.6.0 dyld
configure:16151: checking how to hardcode library paths into programs
configure:16176: result: immediate
configure:19789: checking whether byte ordering is bigendian
configure:19822: gcc -c -g -O2 -Wall  conftest.c >&5
configure:19828: $? = 0
configure:19860: gcc -c -g -O2 -Wall  conftest.c >&5
conftest.c:26:2: error: use of undeclared identifier 'not'
 not big endian
 ^
1 error generated.
configure:19866: $? = 1
configure: failed program was:
| /* confdefs.h.  */
| #define PACKAGE_NAME "pocketsphinx"
| #define PACKAGE_TARNAME "pocketsphinx"
| #define PACKAGE_VERSION "0.5.1"
| #define PACKAGE_STRING "pocketsphinx 0.5.1"
| #define PACKAGE_BUGREPORT ""
| #define STDC_HEADERS 1
| #define HAVE_SYS_TYPES_H 1
| #define HAVE_SYS_STAT_H 1
| #define HAVE_STDLIB_H 1
| #define HAVE_STRING_H 1
| #define HAVE_MEMORY_H 1
| #define HAVE_STRINGS_H 1
| #define HAVE_INTTYPES_H 1
| #define HAVE_STDINT_H 1
| #define HAVE_UNISTD_H 1
| #define HAVE_DLFCN_H 1
| /* end confdefs.h.  */
| #include <sys/types.h>
| #include <sys/param.h>
| 
| int
| main ()
| {
| #if BYTE_ORDER != BIG_ENDIAN
|  not big endian
| #endif
| 
|   ;
|   return 0;
| }
configure:20006: result: no
configure:20025: checking for long long
configure:20055: gcc -c -g -O2 -Wall  conftest.c >&5
configure:20061: $? = 0
configure:20076: result: yes
configure:20087: checking for long long
configure:20138: result: yes
configure:20145: checking size of long long
configure:20447: gcc -o conftest -g -O2 -Wall   conftest.c  -framework CoreAudio -framework AudioToolbox >&5
configure:20450: $? = 0
configure:20456: ./conftest
configure:20459: $? = 0
configure:20482: result: 8
configure:20496: checking for dup2
configure:20552: gcc -o conftest -g -O2 -Wall   conftest.c  -framework CoreAudio -framework AudioToolbox >&5
configure:20558: $? = 0
configure:20576: result: yes
configure:20589: checking for pkg-config
configure:20605: found /opt/local/bin/pkg-config
configure:20617: result: yes
configure:20628: checking for doxygen
configure:20656: result: no
configure:20852: checking for pkg-config
configure:20870: found /opt/local/bin/pkg-config
configure:20882: result: /opt/local/bin/pkg-config
configure:20911: checking pkg-config is at least version 0.9.0
configure:20914: result: yes
configure:20925: checking for GStreamer
configure:20935: $PKG_CONFIG --exists --print-errors "gstreamer-$GST_MAJORMINOR >= 0.10.0
		       gstreamer-base-$GST_MAJORMINOR >= 0.10.0
		       gstreamer-plugins-base-$GST_MAJORMINOR >= 0.10.0"
Package gstreamer-0.10 was not found in the pkg-config search path.
Perhaps you should add the directory containing `gstreamer-0.10.pc'
to the PKG_CONFIG_PATH environment variable
No package 'gstreamer-0.10' found
Package gstreamer-base-0.10 was not found in the pkg-config search path.
Perhaps you should add the directory containing `gstreamer-base-0.10.pc'
to the PKG_CONFIG_PATH environment variable
No package 'gstreamer-base-0.10' found
Package gstreamer-plugins-base-0.10 was not found in the pkg-config search path.
Perhaps you should add the directory containing `gstreamer-plugins-base-0.10.pc'
to the PKG_CONFIG_PATH environment variable
No package 'gstreamer-plugins-base-0.10' found
configure:20940: $? = 1
configure:20959: $PKG_CONFIG --exists --print-errors "gstreamer-$GST_MAJORMINOR >= 0.10.0
		       gstreamer-base-$GST_MAJORMINOR >= 0.10.0
		       gstreamer-plugins-base-$GST_MAJORMINOR >= 0.10.0"
Package gstreamer-0.10 was not found in the pkg-config search path.
Perhaps you should add the directory containing `gstreamer-0.10.pc'
to the PKG_CONFIG_PATH environment variable
No package 'gstreamer-0.10' found
Package gstreamer-base-0.10 was not found in the pkg-config search path.
Perhaps you should add the directory containing `gstreamer-base-0.10.pc'
to the PKG_CONFIG_PATH environment variable
No package 'gstreamer-base-0.10' found
Package gstreamer-plugins-base-0.10 was not found in the pkg-config search path.
Perhaps you should add the directory containing `gstreamer-plugins-base-0.10.pc'
to the PKG_CONFIG_PATH environment variable
No package 'gstreamer-plugins-base-0.10' found
configure:20964: $? = 1
No package 'gstreamer-0.10' found
No package 'gstreamer-base-0.10' found
No package 'gstreamer-plugins-base-0.10' found
configure:20998: result: no
configure:21333: checking for /Users/madelinelittlejohn/Final-Project-NLP/pocketsphinx-0.5/pocketsphinx/../sphinxbase/include/prim_type.h
configure:21349: result: yes
configure:21367: checking for /Users/madelinelittlejohn/Final-Project-NLP/pocketsphinx-0.5/pocketsphinx/../sphinxbase/src/libsphinxbase/libsphinxbase.la
configure:21383: result: yes
configure:21587: creating ./config.status

## ---------------------- ##
## Running config.status. ##
## ---------------------- ##

This file was extended by pocketsphinx config.status 0.5.1, which was
generated by GNU Autoconf 2.61.  Invocation command line was

  CONFIG_FILES    = 
  CONFIG_HEADERS  = 
  CONFIG_LINKS    = 
  CONFIG_COMMANDS = 
  $ ./config.status 

on Madelines-MacBook-Air-4.local

config.status:696: creating pocketsphinx.pc
config.status:696: creating Makefile
config.status:696: creating include/Makefile
config.status:696: creating python/Makefile
config.status:696: creating python/setup.py
config.status:696: creating src/Makefile
config.status:696: creating src/libpocketsphinx/Makefile
config.status:696: creating src/programs/Makefile
config.status:696: creating src/gst-plugin/Makefile
config.status:696: creating doc/Makefile
config.status:696: creating doc/doxyfile
config.status:696: creating model/Makefile
config.status:696: creating model/hmm/Makefile
config.status:696: creating model/hmm/wsj1/Makefile
config.status:696: creating model/hmm/tidigits/Makefile
config.status:696: creating model/lm/Makefile
config.status:696: creating model/lm/wsj/Makefile
config.status:696: creating model/lm/turtle/Makefile
config.status:696: creating model/lm/tidigits/Makefile
config.status:696: creating scripts/Makefile
config.status:696: creating scripts/pocketsphinx_test
config.status:696: creating scripts/pocketsphinx_wsj
config.status:696: creating scripts/pocketsphinx_tidigits
config.status:696: creating test/Makefile
config.status:696: creating test/testfuncs.sh
config.status:696: creating test/unit/Makefile
config.status:696: creating test/regression/Makefile
config.status:881: executing depfiles commands

## ---------------- ##
## Cache variables. ##
## ---------------- ##

ac_cv_build=i386-apple-darwin19.6.0
ac_cv_c_bigendian=no
ac_cv_c_compiler_gnu=yes
ac_cv_cxx_compiler_gnu=yes
ac_cv_env_CCC_set=
ac_cv_env_CCC_value=
ac_cv_env_CC_set=
ac_cv_env_CC_value=
ac_cv_env_CFLAGS_set=
ac_cv_env_CFLAGS_value=
ac_cv_env_CPPFLAGS_set=
ac_cv_env_CPPFLAGS_value=
ac_cv_env_CPP_set=
ac_cv_env_CPP_value=
ac_cv_env_CXXCPP_set=
ac_cv_env_CXXCPP_value=
ac_cv_env_CXXFLAGS_set=
ac_cv_env_CXXFLAGS_value=
ac_cv_env_CXX_set=
ac_cv_env_CXX_value=
ac_cv_env_F77_set=
ac_cv_env_F77_value=
ac_cv_env_FFLAGS_set=
ac_cv_env_FFLAGS_value=
ac_cv_env_GStreamer_CFLAGS_set=
ac_cv_env_GStreamer_CFLAGS_value=
ac_cv_env_GStreamer_LIBS_set=
ac_cv_env_GStreamer_LIBS_value=
ac_cv_env_LDFLAGS_set=
ac_cv_env_LDFLAGS_value=
ac_cv_env_LIBS_set=
ac_cv_env_LIBS_value=
ac_cv_env_PKG_CONFIG_set=
ac_cv_env_PKG_CONFIG_value=
ac_cv_env_SphinxBase_CFLAGS_set=
ac_cv_env_SphinxBase_CFLAGS_value=
ac_cv_env_SphinxBase_LIBS_set=
ac_cv_env_SphinxBase_LIBS_value=
ac_cv_env_build_alias_set=
ac_cv_env_build_alias_value=
ac_cv_env_host_alias_set=
ac_cv_env_host_alias_value=
ac_cv_env_target_alias_set=
ac_cv_env_target_alias_value=
ac_cv_f77_compiler_gnu=yes
ac_cv_file__Users_madelinelittlejohn_Final_Project_NLP_pocketsphinx_0_5_pocketsphinx____sphinxbase_include_prim_type_h=yes
ac_cv_file__Users_madelinelittlejohn_Final_Project_NLP_pocketsphinx_0_5_pocketsphinx____sphinxbase_src_libsphinxbase_libsphinxbase_la=yes
ac_cv_func_dup2=yes
ac_cv_header_dlfcn_h=yes
ac_cv_header_inttypes_h=yes
ac_cv_header_memory_h=yes
ac_cv_header_stdc=yes
ac_cv_header_stdint_h=yes
ac_cv_header_stdlib_h=yes
ac_cv_header_string_h=yes
ac_cv_header_strings_h=yes
ac_cv_header_sys_stat_h=yes
ac_cv_header_sys_types_h=yes
ac_cv_header_unistd_h=yes
ac_cv_host=i386-apple-darwin19.6.0
ac_cv_objext=o
ac_cv_path_EGREP='/usr/bin/grep -E'
ac_cv_path_GREP=/usr/bin/grep
ac_cv_path_ac_pt_PKG_CONFIG=/opt/local/bin/pkg-config
ac_cv_path_install='/usr/bin/install -c'
ac_cv_prog_AWK=awk
ac_cv_prog_CPP='gcc -E'
ac_cv_prog_CXXCPP='g++ -E'
ac_cv_prog_HAVE_DOXYGEN=no
ac_cv_prog_HAVE_PKGCONFIG=yes
ac_cv_prog_ac_ct_AR=ar
ac_cv_prog_ac_ct_CC=gcc
ac_cv_prog_ac_ct_CXX=g++
ac_cv_prog_ac_ct_DSYMUTIL=dsymutil
ac_cv_prog_ac_ct_F77=gfortran
ac_cv_prog_ac_ct_NMEDIT=nmedit
ac_cv_prog_ac_ct_RANLIB=ranlib
ac_cv_prog_ac_ct_STRIP=strip
ac_cv_prog_cc_c89=
ac_cv_prog_cc_g=yes
ac_cv_prog_cxx_g=yes
ac_cv_prog_f77_g=yes
ac_cv_prog_make_make_set=yes
ac_cv_sizeof_long_long=8
ac_cv_type_long_long=yes
am_cv_CC_dependencies_compiler_type=gcc3
am_cv_CXX_dependencies_compiler_type=gcc3
lt_cv_apple_cc_single_mod=yes
lt_cv_deplibs_check_method=pass_all
lt_cv_file_magic_cmd='$MAGIC_CMD'
lt_cv_file_magic_test_file=
lt_cv_ld_exported_symbols_list=yes
lt_cv_ld_reload_flag=-r
lt_cv_objdir=.libs
lt_cv_path_LD=/Library/Developer/CommandLineTools/usr/bin/ld
lt_cv_path_LDCXX=/Library/Developer/CommandLineTools/usr/bin/ld
lt_cv_path_NM='/usr/bin/nm -B'
lt_cv_path_SED=/usr/bin/sed
lt_cv_prog_compiler_c_o=yes
lt_cv_prog_compiler_c_o_CXX=yes
lt_cv_prog_compiler_c_o_F77=yes
lt_cv_prog_compiler_pic_works=yes
lt_cv_prog_compiler_pic_works_CXX=yes
lt_cv_prog_compiler_pic_works_F77=yes
lt_cv_prog_compiler_rtti_exceptions=yes
lt_cv_prog_compiler_static_works=no
lt_cv_prog_compiler_static_works_CXX=no
lt_cv_prog_compiler_static_works_F77=no
lt_cv_prog_gnu_ld=no
lt_cv_prog_gnu_ldcxx=no
lt_cv_sys_global_symbol_pipe='sed -n -e '\''s/^.*[ 	]\([BCDEGRST][BCDEGRST]*\)[ 	][ 	]*_\([_A-Za-z][_A-Za-z0-9]*\)$/\1 _\2 \2/p'\'''
lt_cv_sys_global_symbol_to_c_name_address='sed -n -e '\''s/^: \([^ ]*\) $/  {\"\1\", (lt_ptr) 0},/p'\'' -e '\''s/^[BCDEGRST] \([^ ]*\) \([^ ]*\)$/  {"\2", (lt_ptr) \&\2},/p'\'''
lt_cv_sys_global_symbol_to_cdecl='sed -n -e '\''s/^. .* \(.*\)$/extern int \1;/p'\'''
lt_cv_sys_lib_dlsearch_path_spec='/usr/local/lib /lib /usr/lib'
lt_cv_sys_lib_search_path_spec='/Library/Developer/CommandLineTools/usr/lib/clang/11.0.3 /usr/local/lib'
lt_cv_sys_max_cmd_len=196608
lt_lt_cv_prog_compiler_c_o='"yes"'
lt_lt_cv_prog_compiler_c_o_CXX='"yes"'
lt_lt_cv_prog_compiler_c_o_F77='"yes"'
lt_lt_cv_sys_global_symbol_pipe='"sed -n -e '\''s/^.*[ 	]\\([BCDEGRST][BCDEGRST]*\\)[ 	][ 	]*_\\([_A-Za-z][_A-Za-z0-9]*\\)\$/\\1 _\\2 \\2/p'\''"'
lt_lt_cv_sys_global_symbol_to_c_name_address='"sed -n -e '\''s/^: \\([^ ]*\\) \$/  {\\\"\\1\\\", (lt_ptr) 0},/p'\'' -e '\''s/^[BCDEGRST] \\([^ ]*\\) \\([^ ]*\\)\$/  {\"\\2\", (lt_ptr) \\&\\2},/p'\''"'
lt_lt_cv_sys_global_symbol_to_cdecl='"sed -n -e '\''s/^. .* \\(.*\\)\$/extern int \\1;/p'\''"'

## ----------------- ##
## Output variables. ##
## ----------------- ##

ACLOCAL='${SHELL} /Users/madelinelittlejohn/Final-Project-NLP/pocketsphinx-0.5/pocketsphinx/missing --run aclocal-1.9'
ACLOCAL_AMFLAGS='-I m4'
AMDEPBACKSLASH='\'
AMDEP_FALSE='#'
AMDEP_TRUE=''
AMTAR='${SHELL} /Users/madelinelittlejohn/Final-Project-NLP/pocketsphinx-0.5/pocketsphinx/missing --run tar'
AR='ar'
AUTOCONF='${SHELL} /Users/madelinelittlejohn/Final-Project-NLP/pocketsphinx-0.5/pocketsphinx/missing --run autoconf'
AUTOHEADER='${SHELL} /Users/madelinelittlejohn/Final-Project-NLP/pocketsphinx-0.5/pocketsphinx/missing --run autoheader'
AUTOMAKE='${SHELL} /Users/madelinelittlejohn/Final-Project-NLP/pocketsphinx-0.5/pocketsphinx/missing --run automake-1.9'
AWK='awk'
BUILD_DOXYGEN_FALSE=''
BUILD_DOXYGEN_TRUE='#'
BUILD_GST_FALSE=''
BUILD_GST_TRUE='#'
BUILD_PYREX_FALSE=''
BUILD_PYREX_TRUE='#'
BUILD_PYTHON_FALSE=''
BUILD_PYTHON_TRUE='#'
CC='gcc'
CCDEPMODE='depmode=gcc3'
CFLAGS='-g -O2 -Wall'
CPP='gcc -E'
CPPFLAGS='-I/Users/madelinelittlejohn/Final-Project-NLP/pocketsphinx-0.5/pocketsphinx/../sphinxbase/include -I/Users/madelinelittlejohn/Final-Project-NLP/pocketsphinx-0.5/pocketsphinx/../sphinxbase/include '
CXX='g++'
CXXCPP='g++ -E'
CXXDEPMODE='depmode=gcc3'
CXXFLAGS='-g -O2'
CYGPATH_W='echo'
DEFS='-DPACKAGE_NAME=\"pocketsphinx\" -DPACKAGE_TARNAME=\"pocketsphinx\" -DPACKAGE_VERSION=\"0.5.1\" -DPACKAGE_STRING=\"pocketsphinx\ 0.5.1\" -DPACKAGE_BUGREPORT=\"\" -DSTDC_HEADERS=1 -DHAVE_SYS_TYPES_H=1 -DHAVE_SYS_STAT_H=1 -DHAVE_STDLIB_H=1 -DHAVE_STRING_H=1 -DHAVE_MEMORY_H=1 -DHAVE_STRINGS_H=1 -DHAVE_INTTYPES_H=1 -DHAVE_STDINT_H=1 -DHAVE_UNISTD_H=1 -DHAVE_DLFCN_H=1 -DHAVE_LONG_LONG=1 -DSIZEOF_LONG_LONG=8 -DHAVE_DUP2=1'
DEPDIR='.deps'
DSYMUTIL='dsymutil'
ECHO='/bin/echo'
ECHO_C='ECHO_N=''
ECHO_T=''
EGREP='/usr/bin/grep -E'
EXEEXT=''
F77='gfortran'
FFLAGS='-g -O2'
GREP='/usr/bin/grep'
GST_CFLAGS=' '
GST_LIBS=''
GST_MAJORMINOR='0.10'
GST_PLUGIN_LDFLAGS='-module -avoid-version -export-symbols-regex _*\(gst_\|Gst\|GST_\).*'
GStreamer_CFLAGS=''
GStreamer_LIBS=''
HAVE_DOXYGEN='no'
HAVE_PKGCONFIG='yes'
HAVE_PYREX=''
INSTALL_DATA='${INSTALL} -m 644'
INSTALL_PROGRAM='${INSTALL}'
INSTALL_SCRIPT='${INSTALL}'
INSTALL_STRIP_PROGRAM='${SHELL} $(install_sh) -c -s'
LDFLAGS=' -L/Users/madelinelittlejohn/Final-Project-NLP/pocketsphinx-0.5/pocketsphinx/../sphinxbase/src/libsphinxad 		  -L/Users/madelinelittlejohn/Final-Project-NLP/pocketsphinx-0.5/pocketsphinx/../sphinxbase/src/libsphinxbase 		  -L/Users/madelinelittlejohn/Final-Project-NLP/pocketsphinx-0.5/pocketsphinx/../sphinxbase/src/libsphinxbase/.libs'
LIBOBJS=''
LIBS=' -framework CoreAudio -framework AudioToolbox -lsphinxbase'
LIBTOOL='$(SHELL) $(top_builddir)/libtool'
LN_S='ln -s'
LTLIBOBJS=''
MAKEINFO='${SHELL} /Users/madelinelittlejohn/Final-Project-NLP/pocketsphinx-0.5/pocketsphinx/missing --run makeinfo'
NMEDIT='nmedit'
OBJEXT='o'
PACKAGE='pocketsphinx'
PACKAGE_BUGREPORT=''
PACKAGE_NAME='pocketsphinx'
PACKAGE_STRING='pocketsphinx 0.5.1'
PACKAGE_TARNAME='pocketsphinx'
PACKAGE_VERSION='0.5.1'
PATH_SEPARATOR=':'
PKG_CONFIG='/opt/local/bin/pkg-config'
PYTHON='bogus'
RANLIB='ranlib'
SED='/usr/bin/sed'
SET_MAKE=''
SHELL='/bin/sh'
STRIP='strip'
SphinxBase_CFLAGS=''
SphinxBase_LIBS=''
VERSION='0.5.1'
ac_ct_CC='gcc'
ac_ct_CXX='g++'
ac_ct_F77='gfortran'
am__fastdepCC_FALSE='#'
am__fastdepCC_TRUE=''
am__fastdepCXX_FALSE='#'
am__fastdepCXX_TRUE=''
am__include='include'
am__leading_dot='.'
am__quote=''
am__tar='${AMTAR} chof - "$$tardir"'
am__untar='${AMTAR} xf -'
bindir='${exec_prefix}/bin'
build='i386-apple-darwin19.6.0'
build_alias=''
build_cpu='i386'
build_os='darwin19.6.0'
build_vendor='apple'
datadir='${datarootdir}'
datarootdir='${prefix}/share'
docdir='${datarootdir}/doc/${PACKAGE_TARNAME}'
dvidir='${docdir}'
exec_prefix='${prefix}'
host='i386-apple-darwin19.6.0'
host_alias=''
host_cpu='i386'
host_os='darwin19.6.0'
host_vendor='apple'
htmldir='${docdir}'
includedir='${prefix}/include'
infodir='${datarootdir}/info'
install_sh='/Users/madelinelittlejohn/Final-Project-NLP/pocketsphinx-0.5/pocketsphinx/install-sh'
libdir='${exec_prefix}/lib'
libexecdir='${exec_prefix}/libexec'
localedir='${datarootdir}/locale'
localstatedir='${prefix}/var'
mandir='${datarootdir}/man'
mkdir_p='$(install_sh) -d'
oldincludedir='/usr/include'
pdfdir='${docdir}'
plugindir='$(libdir)/gstreamer-0.10'
prefix='/Users/madelinelittlejohn/Final-Project-NLP/pocketsphinx-0.5/pocketsphinx/inst'
program_transform_name='s,x,x,'
psdir='${docdir}'
sbindir='${exec_prefix}/sbin'
sharedstatedir='${prefix}/com'
sphinxbase='/Users/madelinelittlejohn/Final-Project-NLP/pocketsphinx-0.5/pocketsphinx/../sphinxbase'
sphinxbasebuild='/Users/madelinelittlejohn/Final-Project-NLP/pocketsphinx-0.5/pocketsphinx/../sphinxbase'
sysconfdir='${prefix}/etc'
target_alias=''

## ----------- ##
## confdefs.h. ##
## ----------- ##

#define PACKAGE_NAME "pocketsphinx"
#define PACKAGE_TARNAME "pocketsphinx"
#define PACKAGE_VERSION "0.5.1"
#define PACKAGE_STRING "pocketsphinx 0.5.1"
#define PACKAGE_BUGREPORT ""
#define STDC_HEADERS 1
#define HAVE_SYS_TYPES_H 1
#define HAVE_SYS_STAT_H 1
#define HAVE_STDLIB_H 1
#define HAVE_STRING_H 1
#define HAVE_MEMORY_H 1
#define HAVE_STRINGS_H 1
#define HAVE_INTTYPES_H 1
#define HAVE_STDINT_H 1
#define HAVE_UNISTD_H 1
#define HAVE_DLFCN_H 1
#define HAVE_LONG_LONG 1
#define SIZEOF_LONG_LONG 8
#define HAVE_DUP2 1

configure: exit 0
