This file contains any messages produced by compilers while
running configure, to aid debugging if configure makes a mistake.

It was created by sphinxbase configure 0.4.1, which was
generated by GNU Autoconf 2.61.  Invocation command line was

  $ ./configure --prefix=/Users/madelinelittlejohn/Final-Project-NLP/pocketsphinx-0.5/sphinxbase/inst --disable-shared --without-lapack --without-python

## --------- ##
## Platform. ##
## --------- ##

hostname = Madelines-MacBook-Air-4.local
uname -m = x86_64
uname -r = 19.6.0
uname -s = Darwin
uname -v = Darwin Kernel Version 19.6.0: Sun Jul  5 00:43:10 PDT 2020; root:xnu-6153.141.1~9/RELEASE_X86_64

/usr/bin/uname -p = i386
/bin/uname -X     = unknown

/bin/arch              = unknown
/usr/bin/arch -k       = unknown
/usr/convex/getsysinfo = unknown
/usr/bin/hostinfo      = Mach kernel version:
	 Darwin Kernel Version 19.6.0: Sun Jul  5 00:43:10 PDT 2020; root:xnu-6153.141.1~9/RELEASE_X86_64
Kernel configured for up to 4 processors.
2 processors are physically available.
4 processors are logically available.
Processor type: x86_64h (Intel x86-64h Haswell)
Processors active: 0 1 2 3
Primary memory available: 4.00 gigabytes
Default processor set: 289 tasks, 1931 threads, 4 processors
Load average: 2.90, Mach factor: 1.72
/bin/machine           = unknown
/usr/bin/oslevel       = unknown
/bin/universe          = unknown

PATH: /opt/anaconda3/bin
PATH: /opt/anaconda3/condabin
PATH: /opt/local/bin
PATH: /opt/local/sbin
PATH: /Library/Frameworks/Python.framework/Versions/3.7/bin
PATH: /usr/local/bin
PATH: /usr/local/bin
PATH: /usr/bin
PATH: /bin
PATH: /usr/sbin
PATH: /sbin
PATH: /Library/Apple/usr/bin


## ----------- ##
## Core tests. ##
## ----------- ##

configure:2019: checking for a BSD-compatible install
configure:2075: result: /usr/bin/install -c
configure:2086: checking whether build environment is sane
configure:2129: result: yes
configure:2194: checking for gawk
configure:2224: result: no
configure:2194: checking for mawk
configure:2224: result: no
configure:2194: checking for nawk
configure:2224: result: no
configure:2194: checking for awk
configure:2210: found /usr/bin/awk
configure:2221: result: awk
configure:2232: checking whether make sets $(MAKE)
configure:2253: result: yes
configure:2437: checking build system type
configure:2455: result: i386-apple-darwin19.6.0
configure:2477: checking host system type
configure:2492: result: i386-apple-darwin19.6.0
configure:2541: checking for style of include used by make
configure:2569: result: GNU
configure:2642: checking for gcc
configure:2658: found /usr/bin/gcc
configure:2669: result: gcc
configure:2907: checking for C compiler version
configure:2914: gcc --version >&5
Configured with: --prefix=/Library/Developer/CommandLineTools/usr --with-gxx-include-dir=/Library/Developer/CommandLineTools/SDKs/MacOSX.sdk/usr/include/c++/4.2.1
Apple clang version 11.0.3 (clang-1103.0.32.62)
Target: x86_64-apple-darwin19.6.0
Thread model: posix
InstalledDir: /Library/Developer/CommandLineTools/usr/bin
configure:2917: $? = 0
configure:2924: gcc -v >&5
Configured with: --prefix=/Library/Developer/CommandLineTools/usr --with-gxx-include-dir=/Library/Developer/CommandLineTools/SDKs/MacOSX.sdk/usr/include/c++/4.2.1
Apple clang version 11.0.3 (clang-1103.0.32.62)
Target: x86_64-apple-darwin19.6.0
Thread model: posix
InstalledDir: /Library/Developer/CommandLineTools/usr/bin
configure:2927: $? = 0
configure:2934: gcc -V >&5
clang: error: unsupported option '-V -Wno-objc-signed-char-bool-implicit-int-conversion'
clang: error: no input files
configure:2937: $? = 1
configure:2960: checking for C compiler default output file name
configure:2987: gcc -g -O2 -Wall   conftest.c  >&5
configure:2990: $? = 0
configure:3028: result: a.out
configure:3045: checking whether the C compiler works
configure:3055: ./a.out
configure:3058: $? = 0
configure:3075: result: yes
configure:3082: checking whether we are cross compiling
configure:3084: result: no
configure:3087: checking for suffix of executables
configure:3094: gcc -o conftest -g -O2 -Wall   conftest.c  >&5
configure:3097: $? = 0
configure:3121: result: 
configure:3127: checking for suffix of object files
configure:3153: gcc -c -g -O2 -Wall  conftest.c >&5
configure:3156: $? = 0
configure:3179: result: o
configure:3183: checking whether we are using the GNU C compiler
configure:3212: gcc -c -g -O2 -Wall  conftest.c >&5
configure:3218: $? = 0
configure:3235: result: yes
configure:3240: checking whether gcc accepts -g
configure:3270: gcc -c -g  conftest.c >&5
configure:3276: $? = 0
configure:3375: result: yes
configure:3392: checking for gcc option to accept ISO C89
configure:3466: gcc  -c -g -O2 -Wall  conftest.c >&5
configure:3472: $? = 0
configure:3495: result: none needed
configure:3515: checking dependency style of gcc
configure:3605: result: gcc3
configure:3623: checking for library containing strerror
configure:3664: gcc -o conftest -g -O2 -Wall   conftest.c  >&5
conftest.c:15:6: warning: incompatible redeclaration of library function 'strerror' [-Wincompatible-library-redeclaration]
char strerror ();
     ^
conftest.c:15:6: note: 'strerror' is a builtin with type 'char *(int)'
1 warning generated.
configure:3670: $? = 0
configure:3698: result: none required
configure:3754: checking for gcc
configure:3781: result: gcc
configure:4019: checking for C compiler version
configure:4026: gcc --version >&5
Configured with: --prefix=/Library/Developer/CommandLineTools/usr --with-gxx-include-dir=/Library/Developer/CommandLineTools/SDKs/MacOSX.sdk/usr/include/c++/4.2.1
Apple clang version 11.0.3 (clang-1103.0.32.62)
Target: x86_64-apple-darwin19.6.0
Thread model: posix
InstalledDir: /Library/Developer/CommandLineTools/usr/bin
configure:4029: $? = 0
configure:4036: gcc -v >&5
Configured with: --prefix=/Library/Developer/CommandLineTools/usr --with-gxx-include-dir=/Library/Developer/CommandLineTools/SDKs/MacOSX.sdk/usr/include/c++/4.2.1
Apple clang version 11.0.3 (clang-1103.0.32.62)
Target: x86_64-apple-darwin19.6.0
Thread model: posix
InstalledDir: /Library/Developer/CommandLineTools/usr/bin
configure:4039: $? = 0
configure:4046: gcc -V >&5
clang: error: unsupported option '-V -Wno-objc-signed-char-bool-implicit-int-conversion'
clang: error: no input files
configure:4049: $? = 1
configure:4052: checking whether we are using the GNU C compiler
configure:4104: result: yes
configure:4109: checking whether gcc accepts -g
configure:4244: result: yes
configure:4261: checking for gcc option to accept ISO C89
configure:4364: result: none needed
configure:4384: checking dependency style of gcc
configure:4474: result: gcc3
configure:4539: checking for gcc
configure:4566: result: gcc
configure:4804: checking for C compiler version
configure:4811: gcc --version >&5
Configured with: --prefix=/Library/Developer/CommandLineTools/usr --with-gxx-include-dir=/Library/Developer/CommandLineTools/SDKs/MacOSX.sdk/usr/include/c++/4.2.1
Apple clang version 11.0.3 (clang-1103.0.32.62)
Target: x86_64-apple-darwin19.6.0
Thread model: posix
InstalledDir: /Library/Developer/CommandLineTools/usr/bin
configure:4814: $? = 0
configure:4821: gcc -v >&5
Configured with: --prefix=/Library/Developer/CommandLineTools/usr --with-gxx-include-dir=/Library/Developer/CommandLineTools/SDKs/MacOSX.sdk/usr/include/c++/4.2.1
Apple clang version 11.0.3 (clang-1103.0.32.62)
Target: x86_64-apple-darwin19.6.0
Thread model: posix
InstalledDir: /Library/Developer/CommandLineTools/usr/bin
configure:4824: $? = 0
configure:4831: gcc -V >&5
clang: error: unsupported option '-V -Wno-objc-signed-char-bool-implicit-int-conversion'
clang: error: no input files
configure:4834: $? = 1
configure:4837: checking whether we are using the GNU C compiler
configure:4889: result: yes
configure:4894: checking whether gcc accepts -g
configure:5029: result: yes
configure:5046: checking for gcc option to accept ISO C89
configure:5149: result: none needed
configure:5169: checking dependency style of gcc
configure:5259: result: gcc3
configure:5285: checking for bison
configure:5301: found /usr/bin/bison
configure:5312: result: bison -y
configure:5329: checking how to run the C preprocessor
configure:5369: gcc -E  conftest.c
configure:5375: $? = 0
configure:5406: gcc -E  conftest.c
conftest.c:8:10: fatal error: 'ac_nonexistent.h' file not found
#include <ac_nonexistent.h>
         ^~~~~~~~~~~~~~~~~~
1 error generated.
configure:5412: $? = 1
configure: failed program was:
| /* confdefs.h.  */
| #define PACKAGE_NAME "sphinxbase"
| #define PACKAGE_TARNAME "sphinxbase"
| #define PACKAGE_VERSION "0.4.1"
| #define PACKAGE_STRING "sphinxbase 0.4.1"
| #define PACKAGE_BUGREPORT ""
| /* end confdefs.h.  */
| #include <ac_nonexistent.h>
configure:5445: result: gcc -E
configure:5474: gcc -E  conftest.c
configure:5480: $? = 0
configure:5511: gcc -E  conftest.c
conftest.c:8:10: fatal error: 'ac_nonexistent.h' file not found
#include <ac_nonexistent.h>
         ^~~~~~~~~~~~~~~~~~
1 error generated.
configure:5517: $? = 1
configure: failed program was:
| /* confdefs.h.  */
| #define PACKAGE_NAME "sphinxbase"
| #define PACKAGE_TARNAME "sphinxbase"
| #define PACKAGE_VERSION "0.4.1"
| #define PACKAGE_STRING "sphinxbase 0.4.1"
| #define PACKAGE_BUGREPORT ""
| /* end confdefs.h.  */
| #include <ac_nonexistent.h>
configure:5555: checking for grep that handles long lines and -e
configure:5629: result: /usr/bin/grep
configure:5634: checking for egrep
configure:5712: result: /usr/bin/grep -E
configure:5717: checking for ANSI C header files
configure:5747: gcc -c -g -O2 -Wall  conftest.c >&5
configure:5753: $? = 0
configure:5852: gcc -o conftest -g -O2 -Wall   conftest.c  >&5
configure:5855: $? = 0
configure:5861: ./conftest
configure:5864: $? = 0
configure:5881: result: yes
configure:5905: checking for sys/types.h
configure:5926: gcc -c -g -O2 -Wall  conftest.c >&5
configure:5932: $? = 0
configure:5948: result: yes
configure:5905: checking for sys/stat.h
configure:5926: gcc -c -g -O2 -Wall  conftest.c >&5
configure:5932: $? = 0
configure:5948: result: yes
configure:5905: checking for stdlib.h
configure:5926: gcc -c -g -O2 -Wall  conftest.c >&5
configure:5932: $? = 0
configure:5948: result: yes
configure:5905: checking for string.h
configure:5926: gcc -c -g -O2 -Wall  conftest.c >&5
configure:5932: $? = 0
configure:5948: result: yes
configure:5905: checking for memory.h
configure:5926: gcc -c -g -O2 -Wall  conftest.c >&5
configure:5932: $? = 0
configure:5948: result: yes
configure:5905: checking for strings.h
configure:5926: gcc -c -g -O2 -Wall  conftest.c >&5
configure:5932: $? = 0
configure:5948: result: yes
configure:5905: checking for inttypes.h
configure:5926: gcc -c -g -O2 -Wall  conftest.c >&5
configure:5932: $? = 0
configure:5948: result: yes
configure:5905: checking for stdint.h
configure:5926: gcc -c -g -O2 -Wall  conftest.c >&5
configure:5932: $? = 0
configure:5948: result: yes
configure:5905: checking for unistd.h
configure:5926: gcc -c -g -O2 -Wall  conftest.c >&5
configure:5932: $? = 0
configure:5948: result: yes
configure:5960: checking whether byte ordering is bigendian
configure:5993: gcc -c -g -O2 -Wall  conftest.c >&5
configure:5999: $? = 0
configure:6031: gcc -c -g -O2 -Wall  conftest.c >&5
conftest.c:25:2: error: use of undeclared identifier 'not'
 not big endian
 ^
1 error generated.
configure:6037: $? = 1
configure: failed program was:
| /* confdefs.h.  */
| #define PACKAGE_NAME "sphinxbase"
| #define PACKAGE_TARNAME "sphinxbase"
| #define PACKAGE_VERSION "0.4.1"
| #define PACKAGE_STRING "sphinxbase 0.4.1"
| #define PACKAGE_BUGREPORT ""
| #define STDC_HEADERS 1
| #define HAVE_SYS_TYPES_H 1
| #define HAVE_SYS_STAT_H 1
| #define HAVE_STDLIB_H 1
| #define HAVE_STRING_H 1
| #define HAVE_MEMORY_H 1
| #define HAVE_STRINGS_H 1
| #define HAVE_INTTYPES_H 1
| #define HAVE_STDINT_H 1
| #define HAVE_UNISTD_H 1
| /* end confdefs.h.  */
| #include <sys/types.h>
| #include <sys/param.h>
| 
| int
| main ()
| {
| #if BYTE_ORDER != BIG_ENDIAN
|  not big endian
| #endif
| 
|   ;
|   return 0;
| }
configure:6177: result: no
configure:6196: checking return type of signal handlers
configure:6224: gcc -c -g -O2 -Wall  conftest.c >&5
conftest.c:24:8: error: indirection requires pointer operand ('void' invalid)
return *(signal (0, 0)) (0) == 1;
       ^~~~~~~~~~~~~~~~~~~~
1 error generated.
configure:6230: $? = 1
configure: failed program was:
| /* confdefs.h.  */
| #define PACKAGE_NAME "sphinxbase"
| #define PACKAGE_TARNAME "sphinxbase"
| #define PACKAGE_VERSION "0.4.1"
| #define PACKAGE_STRING "sphinxbase 0.4.1"
| #define PACKAGE_BUGREPORT ""
| #define STDC_HEADERS 1
| #define HAVE_SYS_TYPES_H 1
| #define HAVE_SYS_STAT_H 1
| #define HAVE_STDLIB_H 1
| #define HAVE_STRING_H 1
| #define HAVE_MEMORY_H 1
| #define HAVE_STRINGS_H 1
| #define HAVE_INTTYPES_H 1
| #define HAVE_STDINT_H 1
| #define HAVE_UNISTD_H 1
| /* end confdefs.h.  */
| #include <sys/types.h>
| #include <signal.h>
| 
| int
| main ()
| {
| return *(signal (0, 0)) (0) == 1;
|   ;
|   return 0;
| }
configure:6245: result: void
configure:6253: checking for long long
configure:6283: gcc -c -g -O2 -Wall  conftest.c >&5
configure:6289: $? = 0
configure:6304: result: yes
configure:6315: checking for long long
configure:6366: result: yes
configure:6373: checking size of long long
configure:6675: gcc -o conftest -g -O2 -Wall   conftest.c  >&5
configure:6678: $? = 0
configure:6684: ./conftest
configure:6687: $? = 0
configure:6710: result: 8
configure:6720: checking for long
configure:6750: gcc -c -g -O2 -Wall  conftest.c >&5
configure:6756: $? = 0
configure:6771: result: yes
configure:6778: checking size of long
configure:7080: gcc -o conftest -g -O2 -Wall   conftest.c  >&5
configure:7083: $? = 0
configure:7089: ./conftest
configure:7092: $? = 0
configure:7115: result: 8
configure:7130: checking for popen
configure:7186: gcc -o conftest -g -O2 -Wall   conftest.c  >&5
configure:7192: $? = 0
configure:7210: result: yes
configure:7130: checking for perror
configure:7186: gcc -o conftest -g -O2 -Wall   conftest.c  >&5
configure:7192: $? = 0
configure:7210: result: yes
configure:7230: checking errno.h usability
configure:7247: gcc -c -g -O2 -Wall  conftest.c >&5
configure:7253: $? = 0
configure:7267: result: yes
configure:7271: checking errno.h presence
configure:7286: gcc -E  conftest.c
configure:7292: $? = 0
configure:7306: result: yes
configure:7334: checking for errno.h
configure:7341: result: yes
configure:7387: checking for ld used by GCC
configure:7451: result: /Library/Developer/CommandLineTools/usr/bin/ld
configure:7460: checking if the linker (/Library/Developer/CommandLineTools/usr/bin/ld) is GNU ld
configure:7473: result: no
configure:7480: checking for shared library run path origin
configure:7493: result: done
configure:7957: checking for iconv
configure:7989: gcc -o conftest -g -O2 -Wall   conftest.c  >&5
Undefined symbols for architecture x86_64:
  "_iconv", referenced from:
      _main in conftest-c7b204.o
  "_iconv_close", referenced from:
      _main in conftest-c7b204.o
  "_iconv_open", referenced from:
      _main in conftest-c7b204.o
ld: symbol(s) not found for architecture x86_64
clang: error: linker command failed with exit code 1 (use -v to see invocation)
configure:7995: $? = 1
configure: failed program was:
| /* confdefs.h.  */
| #define PACKAGE_NAME "sphinxbase"
| #define PACKAGE_TARNAME "sphinxbase"
| #define PACKAGE_VERSION "0.4.1"
| #define PACKAGE_STRING "sphinxbase 0.4.1"
| #define PACKAGE_BUGREPORT ""
| #define STDC_HEADERS 1
| #define HAVE_SYS_TYPES_H 1
| #define HAVE_SYS_STAT_H 1
| #define HAVE_STDLIB_H 1
| #define HAVE_STRING_H 1
| #define HAVE_MEMORY_H 1
| #define HAVE_STRINGS_H 1
| #define HAVE_INTTYPES_H 1
| #define HAVE_STDINT_H 1
| #define HAVE_UNISTD_H 1
| #define RETSIGTYPE void
| #define HAVE_LONG_LONG 1
| #define SIZEOF_LONG_LONG 8
| #define SIZEOF_LONG 8
| #define HAVE_POPEN 1
| #define HAVE_PERROR 1
| /* end confdefs.h.  */
| #include <stdlib.h>
| #include <iconv.h>
| int
| main ()
| {
| iconv_t cd = iconv_open("","");
|        iconv(cd,NULL,NULL,NULL,NULL);
|        iconv_close(cd);
|   ;
|   return 0;
| }
configure:8038: gcc -o conftest -g -O2 -Wall   conftest.c  -liconv >&5
configure:8044: $? = 0
configure:8065: result: yes
configure:8075: checking how to link with libiconv
configure:8077: result: -liconv
configure:8088: checking for iconv declaration
configure:8127: gcc -c -g -O2 -Wall  conftest.c >&5
configure:8133: $? = 0
configure:8152: result: 
         extern size_t iconv (iconv_t cd, char * *inbuf, size_t *inbytesleft, char * *outbuf, size_t *outbytesleft);
configure:8352: checking for log in -lm
configure:8387: gcc -o conftest -g -O2 -Wall   conftest.c -lm   >&5
conftest.c:33:6: warning: incompatible redeclaration of library function 'log' [-Wincompatible-library-redeclaration]
char log ();
     ^
conftest.c:33:6: note: 'log' is a builtin with type 'double (double)'
1 warning generated.
configure:8393: $? = 0
configure:8411: result: yes
configure:8455: checking pthread.h usability
configure:8472: gcc -c -g -O2 -Wall  conftest.c >&5
configure:8478: $? = 0
configure:8492: result: yes
configure:8496: checking pthread.h presence
configure:8511: gcc -E  conftest.c
configure:8517: $? = 0
configure:8531: result: yes
configure:8559: checking for pthread.h
configure:8567: result: yes
configure:8581: checking for pthread_create in -lpthread
configure:8616: gcc -o conftest -g -O2 -Wall   conftest.c -lpthread  -lm  >&5
conftest.c:35:6: warning: declaration of built-in function 'pthread_create' requires inclusion of the header <pthread.h> [-Wbuiltin-requires-header]
char pthread_create ();
     ^
1 warning generated.
configure:8622: $? = 0
configure:8640: result: yes
configure:9002: result: No audio interface for host type i386-apple-darwin19.6.0.
configure:9089: checking for a sed that does not truncate output
configure:9145: result: /usr/bin/sed
configure:9159: checking for ld used by gcc
configure:9226: result: /Library/Developer/CommandLineTools/usr/bin/ld
configure:9235: checking if the linker (/Library/Developer/CommandLineTools/usr/bin/ld) is GNU ld
configure:9250: result: no
configure:9255: checking for /Library/Developer/CommandLineTools/usr/bin/ld option to reload object files
configure:9262: result: -r
configure:9280: checking for BSD-compatible nm
configure:9329: result: /usr/bin/nm -B
configure:9333: checking whether ln -s works
configure:9337: result: yes
configure:9344: checking how to recognize dependent libraries
configure:9530: result: pass_all
configure:9784: checking dlfcn.h usability
configure:9801: gcc -c -g -O2 -Wall  conftest.c >&5
configure:9807: $? = 0
configure:9821: result: yes
configure:9825: checking dlfcn.h presence
configure:9840: gcc -E  conftest.c
configure:9846: $? = 0
configure:9860: result: yes
configure:9888: checking for dlfcn.h
configure:9896: result: yes
configure:9967: checking for g++
configure:9983: found /usr/bin/g++
configure:9994: result: g++
configure:10025: checking for C++ compiler version
configure:10032: g++ --version >&5
Configured with: --prefix=/Library/Developer/CommandLineTools/usr --with-gxx-include-dir=/Library/Developer/CommandLineTools/SDKs/MacOSX.sdk/usr/include/c++/4.2.1
Apple clang version 11.0.3 (clang-1103.0.32.62)
Target: x86_64-apple-darwin19.6.0
Thread model: posix
InstalledDir: /Library/Developer/CommandLineTools/usr/bin
configure:10035: $? = 0
configure:10042: g++ -v >&5
Configured with: --prefix=/Library/Developer/CommandLineTools/usr --with-gxx-include-dir=/Library/Developer/CommandLineTools/SDKs/MacOSX.sdk/usr/include/c++/4.2.1
Apple clang version 11.0.3 (clang-1103.0.32.62)
Target: x86_64-apple-darwin19.6.0
Thread model: posix
InstalledDir: /Library/Developer/CommandLineTools/usr/bin
configure:10045: $? = 0
configure:10052: g++ -V >&5
clang: error: unsupported option '-V -Wno-objc-signed-char-bool-implicit-int-conversion'
clang: error: no input files
configure:10055: $? = 1
configure:10058: checking whether we are using the GNU C++ compiler
configure:10087: g++ -c   conftest.cpp >&5
configure:10093: $? = 0
configure:10110: result: yes
configure:10115: checking whether g++ accepts -g
configure:10145: g++ -c -g  conftest.cpp >&5
configure:10151: $? = 0
configure:10250: result: yes
configure:10275: checking dependency style of g++
configure:10365: result: gcc3
configure:10392: checking how to run the C++ preprocessor
configure:10428: g++ -E  conftest.cpp
configure:10434: $? = 0
configure:10465: g++ -E  conftest.cpp
conftest.cpp:32:10: fatal error: 'ac_nonexistent.h' file not found
#include <ac_nonexistent.h>
         ^~~~~~~~~~~~~~~~~~
1 error generated.
configure:10471: $? = 1
configure: failed program was:
| /* confdefs.h.  */
| #define PACKAGE_NAME "sphinxbase"
| #define PACKAGE_TARNAME "sphinxbase"
| #define PACKAGE_VERSION "0.4.1"
| #define PACKAGE_STRING "sphinxbase 0.4.1"
| #define PACKAGE_BUGREPORT ""
| #define STDC_HEADERS 1
| #define HAVE_SYS_TYPES_H 1
| #define HAVE_SYS_STAT_H 1
| #define HAVE_STDLIB_H 1
| #define HAVE_STRING_H 1
| #define HAVE_MEMORY_H 1
| #define HAVE_STRINGS_H 1
| #define HAVE_INTTYPES_H 1
| #define HAVE_STDINT_H 1
| #define HAVE_UNISTD_H 1
| #define RETSIGTYPE void
| #define HAVE_LONG_LONG 1
| #define SIZEOF_LONG_LONG 8
| #define SIZEOF_LONG 8
| #define HAVE_POPEN 1
| #define HAVE_PERROR 1
| #define HAVE_ICONV 1
| #define ICONV_CONST 
| #define HAVE_LIBM 1
| #define HAVE_PTHREAD_H 1
| #define HAVE_LIBPTHREAD 1
| #define ENABLE_THREADS
| #define AD_BACKEND_NONE
| #define HAVE_DLFCN_H 1
| /* end confdefs.h.  */
| #include <ac_nonexistent.h>
configure:10504: result: g++ -E
configure:10533: g++ -E  conftest.cpp
configure:10539: $? = 0
configure:10570: g++ -E  conftest.cpp
conftest.cpp:32:10: fatal error: 'ac_nonexistent.h' file not found
#include <ac_nonexistent.h>
         ^~~~~~~~~~~~~~~~~~
1 error generated.
configure:10576: $? = 1
configure: failed program was:
| /* confdefs.h.  */
| #define PACKAGE_NAME "sphinxbase"
| #define PACKAGE_TARNAME "sphinxbase"
| #define PACKAGE_VERSION "0.4.1"
| #define PACKAGE_STRING "sphinxbase 0.4.1"
| #define PACKAGE_BUGREPORT ""
| #define STDC_HEADERS 1
| #define HAVE_SYS_TYPES_H 1
| #define HAVE_SYS_STAT_H 1
| #define HAVE_STDLIB_H 1
| #define HAVE_STRING_H 1
| #define HAVE_MEMORY_H 1
| #define HAVE_STRINGS_H 1
| #define HAVE_INTTYPES_H 1
| #define HAVE_STDINT_H 1
| #define HAVE_UNISTD_H 1
| #define RETSIGTYPE void
| #define HAVE_LONG_LONG 1
| #define SIZEOF_LONG_LONG 8
| #define SIZEOF_LONG 8
| #define HAVE_POPEN 1
| #define HAVE_PERROR 1
| #define HAVE_ICONV 1
| #define ICONV_CONST 
| #define HAVE_LIBM 1
| #define HAVE_PTHREAD_H 1
| #define HAVE_LIBPTHREAD 1
| #define ENABLE_THREADS
| #define AD_BACKEND_NONE
| #define HAVE_DLFCN_H 1
| /* end confdefs.h.  */
| #include <ac_nonexistent.h>
configure:10669: checking for g77
configure:10699: result: no
configure:10669: checking for xlf
configure:10699: result: no
configure:10669: checking for f77
configure:10699: result: no
configure:10669: checking for frt
configure:10699: result: no
configure:10669: checking for pgf77
configure:10699: result: no
configure:10669: checking for cf77
configure:10699: result: no
configure:10669: checking for fort77
configure:10699: result: no
configure:10669: checking for fl32
configure:10699: result: no
configure:10669: checking for af77
configure:10699: result: no
configure:10669: checking for xlf90
configure:10699: result: no
configure:10669: checking for f90
configure:10699: result: no
configure:10669: checking for pgf90
configure:10699: result: no
configure:10669: checking for pghpf
configure:10699: result: no
configure:10669: checking for epcf90
configure:10699: result: no
configure:10669: checking for gfortran
configure:10685: found /usr/local/bin/gfortran
configure:10696: result: gfortran
configure:10726: checking for Fortran 77 compiler version
configure:10733: gfortran --version >&5
GNU Fortran (Homebrew GCC 10.1.0) 10.1.0
Copyright (C) 2020 Free Software Foundation, Inc.
This is free software; see the source for copying conditions.  There is NO
warranty; not even for MERCHANTABILITY or FITNESS FOR A PARTICULAR PURPOSE.

configure:10736: $? = 0
configure:10743: gfortran -v >&5
Using built-in specs.
COLLECT_GCC=gfortran
COLLECT_LTO_WRAPPER=/usr/local/Cellar/gcc/10.1.0/libexec/gcc/x86_64-apple-darwin17/10.1.0/lto-wrapper
Target: x86_64-apple-darwin17
Configured with: ../configure --build=x86_64-apple-darwin17 --prefix=/usr/local/Cellar/gcc/10.1.0 --libdir=/usr/local/Cellar/gcc/10.1.0/lib/gcc/10 --disable-nls --enable-checking=release --enable-languages=c,c++,objc,obj-c++,fortran --program-suffix=-10 --with-gmp=/usr/local/opt/gmp --with-mpfr=/usr/local/opt/mpfr --with-mpc=/usr/local/opt/libmpc --with-isl=/usr/local/opt/isl --with-system-zlib --with-pkgversion='Homebrew GCC 10.1.0' --with-bugurl=https://github.com/Homebrew/homebrew-core/issues --disable-multilib SED=/usr/bin/sed
Thread model: posix
Supported LTO compression algorithms: zlib
gcc version 10.1.0 (Homebrew GCC 10.1.0) 
configure:10746: $? = 0
configure:10753: gfortran -V >&5
gfortran: error: unrecognized command-line option '-V'
gfortran: fatal error: no input files
compilation terminated.
configure:10756: $? = 1
configure:10764: checking whether we are using the GNU Fortran 77 compiler
configure:10783: gfortran -c  conftest.F >&5
configure:10789: $? = 0
configure:10806: result: yes
configure:10812: checking whether gfortran accepts -g
configure:10829: gfortran -c -g conftest.f >&5
configure:10835: $? = 0
configure:10851: result: yes
configure:10880: checking the maximum length of command line arguments
configure:10992: result: 196608
configure:11004: checking command to parse /usr/bin/nm -B output from gcc object
configure:11109: gcc -c -g -O2 -Wall  conftest.c >&5
configure:11112: $? = 0
configure:11116: /usr/bin/nm -B conftest.o \| sed -n -e 's/^.*[ 	]\([BCDEGRST][BCDEGRST]*\)[ 	][ 	]*\([_A-Za-z][_A-Za-z0-9]*\)$/\1 \2 \2/p' \> conftest.nm
configure:11119: $? = 0
cannot find nm_test_var in conftest.nm
configure:11109: gcc -c -g -O2 -Wall  conftest.c >&5
configure:11112: $? = 0
configure:11116: /usr/bin/nm -B conftest.o \| sed -n -e 's/^.*[ 	]\([BCDEGRST][BCDEGRST]*\)[ 	][ 	]*_\([_A-Za-z][_A-Za-z0-9]*\)$/\1 _\2 \2/p' \> conftest.nm
configure:11119: $? = 0
configure:11171: gcc -o conftest -g -O2 -Wall   conftest.c conftstm.o >&5
warning: (x86_64)  could not find object file symbol for symbol _main
configure:11174: $? = 0
configure:11212: result: ok
configure:11216: checking for objdir
configure:11231: result: .libs
configure:11323: checking for ar
configure:11339: found /usr/bin/ar
configure:11350: result: ar
configure:11419: checking for ranlib
configure:11435: found /usr/bin/ranlib
configure:11446: result: ranlib
configure:11515: checking for strip
configure:11531: found /usr/bin/strip
configure:11542: result: strip
configure:11799: checking for dsymutil
configure:11815: found /usr/bin/dsymutil
configure:11826: result: dsymutil
configure:11895: checking for nmedit
configure:11911: found /usr/bin/nmedit
configure:11922: result: nmedit
configure:11949: checking for -single_module linker flag
configure:11970: result: yes
configure:11972: checking for -exported_symbols_list linker flag
configure:12002: gcc -o conftest -g -O2 -Wall   -Wl,-exported_symbols_list,conftest.sym conftest.c -lpthread -lm  >&5
configure:12008: $? = 0
configure:12027: result: yes
configure:12140: checking if gcc supports -fno-rtti -fno-exceptions
configure:12158: gcc -c -g -O2 -Wall  -fno-rtti -fno-exceptions conftest.c >&5
configure:12162: $? = 0
configure:12175: result: yes
configure:12190: checking for gcc option to produce PIC
configure:12422: result: -fno-common
configure:12430: checking if gcc PIC flag -fno-common works
configure:12448: gcc -c -g -O2 -Wall  -fno-common -DPIC conftest.c >&5
configure:12452: $? = 0
configure:12465: result: yes
configure:12493: checking if gcc static flag -static works
configure:12521: result: no
configure:12531: checking if gcc supports -c -o file.o
configure:12552: gcc -c -g -O2 -Wall  -o out/conftest2.o conftest.c >&5
configure:12556: $? = 0
configure:12578: result: yes
configure:12604: checking whether the gcc linker (/Library/Developer/CommandLineTools/usr/bin/ld) supports shared libraries
configure:13585: result: yes
configure:13652: checking dynamic linker characteristics
configure:14266: result: darwin19.6.0 dyld
configure:14290: checking how to hardcode library paths into programs
configure:14315: result: immediate
configure:14329: checking whether stripping libraries is possible
configure:14343: result: yes
configure:15136: checking if libtool supports shared libraries
configure:15138: result: yes
configure:15141: checking whether to build shared libraries
configure:15162: result: no
configure:15165: checking whether to build static libraries
configure:15169: result: yes
configure:15263: creating libtool
configure:15856: checking for ld used by g++
configure:15923: result: /Library/Developer/CommandLineTools/usr/bin/ld
configure:15932: checking if the linker (/Library/Developer/CommandLineTools/usr/bin/ld) is GNU ld
configure:15947: result: no
configure:15998: checking whether the g++ linker (/Library/Developer/CommandLineTools/usr/bin/ld) supports shared libraries
configure:16944: result: yes
configure:16961: g++ -c -g -O2  conftest.cpp >&5
configure:16964: $? = 0
configure:17120: checking for g++ option to produce PIC
configure:17404: result: -fno-common
configure:17412: checking if g++ PIC flag -fno-common works
configure:17430: g++ -c -g -O2  -fno-common -DPIC conftest.cpp >&5
configure:17434: $? = 0
configure:17447: result: yes
configure:17475: checking if g++ static flag -static works
configure:17503: result: no
configure:17513: checking if g++ supports -c -o file.o
configure:17534: g++ -c -g -O2  -o out/conftest2.o conftest.cpp >&5
configure:17538: $? = 0
configure:17560: result: yes
configure:17586: checking whether the g++ linker (/Library/Developer/CommandLineTools/usr/bin/ld) supports shared libraries
configure:17615: result: yes
configure:17682: checking dynamic linker characteristics
configure:18244: result: darwin19.6.0 dyld
configure:18268: checking how to hardcode library paths into programs
configure:18293: result: immediate
configure:18832: checking if libtool supports shared libraries
configure:18834: result: yes
configure:18837: checking whether to build shared libraries
configure:18857: result: no
configure:18860: checking whether to build static libraries
configure:18864: result: yes
configure:18874: checking for gfortran option to produce PIC
configure:19106: result: -fno-common
configure:19114: checking if gfortran PIC flag -fno-common works
configure:19132: gfortran -c -g -O2 -fno-common conftest.f >&5
configure:19136: $? = 0
configure:19149: result: yes
configure:19177: checking if gfortran static flag -static works
configure:19205: result: no
configure:19215: checking if gfortran supports -c -o file.o
configure:19236: gfortran -c -g -O2 -o out/conftest2.o conftest.f >&5
configure:19240: $? = 0
configure:19262: result: yes
configure:19288: checking whether the gfortran linker (/Library/Developer/CommandLineTools/usr/bin/ld) supports shared libraries
configure:20249: result: yes
configure:20316: checking dynamic linker characteristics
configure:20878: result: darwin19.6.0 dyld
configure:20902: checking how to hardcode library paths into programs
configure:20927: result: immediate
configure:24543: checking for doxygen
configure:24571: result: no
configure:24904: creating ./config.status

## ---------------------- ##
## Running config.status. ##
## ---------------------- ##

This file was extended by sphinxbase config.status 0.4.1, which was
generated by GNU Autoconf 2.61.  Invocation command line was

  CONFIG_FILES    = 
  CONFIG_HEADERS  = 
  CONFIG_LINKS    = 
  CONFIG_COMMANDS = 
  $ ./config.status 

on Madelines-MacBook-Air-4.local

config.status:723: creating sphinxbase.pc
config.status:723: creating Makefile
config.status:723: creating include/Makefile
config.status:723: creating python/Makefile
config.status:723: creating python/setup.py
config.status:723: creating src/Makefile
config.status:723: creating src/libsphinxad/Makefile
config.status:723: creating src/libsphinxbase/Makefile
config.status:723: creating src/libsphinxbase/util/Makefile
config.status:723: creating src/libsphinxbase/feat/Makefile
config.status:723: creating src/libsphinxbase/fe/Makefile
config.status:723: creating src/libsphinxbase/lm/Makefile
config.status:723: creating src/sphinx_fe/Makefile
config.status:723: creating src/sphinx_cepview/Makefile
config.status:723: creating src/sphinx_jsgf2fsg/Makefile
config.status:723: creating src/sphinx_adtools/Makefile
config.status:723: creating src/sphinx_lmtools/Makefile
config.status:723: creating doc/Makefile
config.status:723: creating doc/doxyfile
config.status:723: creating test/Makefile
config.status:723: creating test/unit/testfuncs.sh
config.status:723: creating test/unit/Makefile
config.status:723: creating test/unit/test_alloc/Makefile
config.status:723: creating test/unit/test_bitvec/Makefile
config.status:723: creating test/unit/test_case/Makefile
config.status:723: creating test/unit/test_string/Makefile
config.status:723: creating test/unit/test_cmdln/Makefile
config.status:723: creating test/unit/test_hash/Makefile
config.status:723: creating test/unit/test_matrix/Makefile
config.status:723: creating test/unit/test_feat/Makefile
config.status:723: creating test/unit/test_fe/Makefile
config.status:723: creating test/unit/test_logmath/Makefile
config.status:723: creating test/unit/test_ngram/Makefile
config.status:723: creating test/unit/test_fsg/Makefile
config.status:723: creating test/unit/test_thread/Makefile
config.status:723: creating test/regression/testfuncs.sh
config.status:723: creating test/regression/Makefile
config.status:723: creating include/config.h
config.status:955: include/config.h is unchanged
config.status:723: creating include/sphinx_config.h
config.status:955: include/sphinx_config.h is unchanged
config.status:1001: executing depfiles commands

## ---------------- ##
## Cache variables. ##
## ---------------- ##

ac_cv_build=i386-apple-darwin19.6.0
ac_cv_c_bigendian=no
ac_cv_c_compiler_gnu=yes
ac_cv_cxx_compiler_gnu=yes
ac_cv_env_CCC_set=
ac_cv_env_CCC_value=
ac_cv_env_CC_set=
ac_cv_env_CC_value=
ac_cv_env_CFLAGS_set=
ac_cv_env_CFLAGS_value=
ac_cv_env_CPPFLAGS_set=
ac_cv_env_CPPFLAGS_value=
ac_cv_env_CPP_set=
ac_cv_env_CPP_value=
ac_cv_env_CXXCPP_set=
ac_cv_env_CXXCPP_value=
ac_cv_env_CXXFLAGS_set=
ac_cv_env_CXXFLAGS_value=
ac_cv_env_CXX_set=
ac_cv_env_CXX_value=
ac_cv_env_F77_set=
ac_cv_env_F77_value=
ac_cv_env_FFLAGS_set=
ac_cv_env_FFLAGS_value=
ac_cv_env_LDFLAGS_set=
ac_cv_env_LDFLAGS_value=
ac_cv_env_LIBS_set=
ac_cv_env_LIBS_value=
ac_cv_env_YACC_set=
ac_cv_env_YACC_value=
ac_cv_env_YFLAGS_set=
ac_cv_env_YFLAGS_value=
ac_cv_env_build_alias_set=
ac_cv_env_build_alias_value=
ac_cv_env_host_alias_set=
ac_cv_env_host_alias_value=
ac_cv_env_target_alias_set=
ac_cv_env_target_alias_value=
ac_cv_f77_compiler_gnu=yes
ac_cv_func_perror=yes
ac_cv_func_popen=yes
ac_cv_header_dlfcn_h=yes
ac_cv_header_errno_h=yes
ac_cv_header_inttypes_h=yes
ac_cv_header_memory_h=yes
ac_cv_header_pthread_h=yes
ac_cv_header_stdc=yes
ac_cv_header_stdint_h=yes
ac_cv_header_stdlib_h=yes
ac_cv_header_string_h=yes
ac_cv_header_strings_h=yes
ac_cv_header_sys_stat_h=yes
ac_cv_header_sys_types_h=yes
ac_cv_header_unistd_h=yes
ac_cv_host=i386-apple-darwin19.6.0
ac_cv_lib_m_log=yes
ac_cv_lib_pthread_pthread_create=yes
ac_cv_objext=o
ac_cv_path_EGREP='/usr/bin/grep -E'
ac_cv_path_GREP=/usr/bin/grep
ac_cv_path_install='/usr/bin/install -c'
ac_cv_prog_AWK=awk
ac_cv_prog_CPP='gcc -E'
ac_cv_prog_CXXCPP='g++ -E'
ac_cv_prog_HAVE_DOXYGEN=no
ac_cv_prog_YACC='bison -y'
ac_cv_prog_ac_ct_AR=ar
ac_cv_prog_ac_ct_CC=gcc
ac_cv_prog_ac_ct_CXX=g++
ac_cv_prog_ac_ct_DSYMUTIL=dsymutil
ac_cv_prog_ac_ct_F77=gfortran
ac_cv_prog_ac_ct_NMEDIT=nmedit
ac_cv_prog_ac_ct_RANLIB=ranlib
ac_cv_prog_ac_ct_STRIP=strip
ac_cv_prog_cc_c89=
ac_cv_prog_cc_g=yes
ac_cv_prog_cxx_g=yes
ac_cv_prog_f77_g=yes
ac_cv_prog_make_make_set=yes
ac_cv_search_strerror='none required'
ac_cv_sizeof_long=8
ac_cv_sizeof_long_long=8
ac_cv_type_long=yes
ac_cv_type_long_long=yes
ac_cv_type_signal=void
acl_cv_hardcode_direct=no
acl_cv_hardcode_libdir_flag_spec=
acl_cv_hardcode_libdir_separator=
acl_cv_hardcode_minus_L=no
acl_cv_libext=a
acl_cv_path_LD=/Library/Developer/CommandLineTools/usr/bin/ld
acl_cv_prog_gnu_ld=no
acl_cv_rpath=done
acl_cv_shlibext=dylib
acl_cv_wl=-Wl,
am_cv_CC_dependencies_compiler_type=gcc3
am_cv_CXX_dependencies_compiler_type=gcc3
am_cv_func_iconv=yes
am_cv_lib_iconv=yes
am_cv_prog_cc_stdc=
am_cv_proto_iconv='extern size_t iconv (iconv_t cd, char * *inbuf, size_t *inbytesleft, char * *outbuf, size_t *outbytesleft);'
am_cv_proto_iconv_arg1=
lt_cv_apple_cc_single_mod=yes
lt_cv_deplibs_check_method=pass_all
lt_cv_file_magic_cmd='$MAGIC_CMD'
lt_cv_file_magic_test_file=
lt_cv_ld_exported_symbols_list=yes
lt_cv_ld_reload_flag=-r
lt_cv_objdir=.libs
lt_cv_path_LD=/Library/Developer/CommandLineTools/usr/bin/ld
lt_cv_path_LDCXX=/Library/Developer/CommandLineTools/usr/bin/ld
lt_cv_path_NM='/usr/bin/nm -B'
lt_cv_path_SED=/usr/bin/sed
lt_cv_prog_compiler_c_o=yes
lt_cv_prog_compiler_c_o_CXX=yes
lt_cv_prog_compiler_c_o_F77=yes
lt_cv_prog_compiler_pic_works=yes
lt_cv_prog_compiler_pic_works_CXX=yes
lt_cv_prog_compiler_pic_works_F77=yes
lt_cv_prog_compiler_rtti_exceptions=yes
lt_cv_prog_compiler_static_works=no
lt_cv_prog_compiler_static_works_CXX=no
lt_cv_prog_compiler_static_works_F77=no
lt_cv_prog_gnu_ld=no
lt_cv_prog_gnu_ldcxx=no
lt_cv_sys_global_symbol_pipe='sed -n -e '\''s/^.*[ 	]\([BCDEGRST][BCDEGRST]*\)[ 	][ 	]*_\([_A-Za-z][_A-Za-z0-9]*\)$/\1 _\2 \2/p'\'''
lt_cv_sys_global_symbol_to_c_name_address='sed -n -e '\''s/^: \([^ ]*\) $/  {\"\1\", (lt_ptr) 0},/p'\'' -e '\''s/^[BCDEGRST] \([^ ]*\) \([^ ]*\)$/  {"\2", (lt_ptr) \&\2},/p'\'''
lt_cv_sys_global_symbol_to_cdecl='sed -n -e '\''s/^. .* \(.*\)$/extern int \1;/p'\'''
lt_cv_sys_lib_dlsearch_path_spec='/usr/local/lib /lib /usr/lib'
lt_cv_sys_lib_search_path_spec='/Library/Developer/CommandLineTools/usr/lib/clang/11.0.3 /usr/local/lib'
lt_cv_sys_max_cmd_len=196608
lt_lt_cv_prog_compiler_c_o='"yes"'
lt_lt_cv_prog_compiler_c_o_CXX='"yes"'
lt_lt_cv_prog_compiler_c_o_F77='"yes"'
lt_lt_cv_sys_global_symbol_pipe='"sed -n -e '\''s/^.*[ 	]\\([BCDEGRST][BCDEGRST]*\\)[ 	][ 	]*_\\([_A-Za-z][_A-Za-z0-9]*\\)\$/\\1 _\\2 \\2/p'\''"'
lt_lt_cv_sys_global_symbol_to_c_name_address='"sed -n -e '\''s/^: \\([^ ]*\\) \$/  {\\\"\\1\\\", (lt_ptr) 0},/p'\'' -e '\''s/^[BCDEGRST] \\([^ ]*\\) \\([^ ]*\\)\$/  {\"\\2\", (lt_ptr) \\&\\2},/p'\''"'
lt_lt_cv_sys_global_symbol_to_cdecl='"sed -n -e '\''s/^. .* \\(.*\\)\$/extern int \\1;/p'\''"'

## ----------------- ##
## Output variables. ##
## ----------------- ##

ACLOCAL='${SHELL} /Users/madelinelittlejohn/Final-Project-NLP/pocketsphinx-0.5/sphinxbase/missing --run aclocal-1.9'
AMDEPBACKSLASH='\'
AMDEP_FALSE='#'
AMDEP_TRUE=''
AMTAR='${SHELL} /Users/madelinelittlejohn/Final-Project-NLP/pocketsphinx-0.5/sphinxbase/missing --run tar'
AR='ar'
AUTOCONF='${SHELL} /Users/madelinelittlejohn/Final-Project-NLP/pocketsphinx-0.5/sphinxbase/missing --run autoconf'
AUTOHEADER='${SHELL} /Users/madelinelittlejohn/Final-Project-NLP/pocketsphinx-0.5/sphinxbase/missing --run autoheader'
AUTOMAKE='${SHELL} /Users/madelinelittlejohn/Final-Project-NLP/pocketsphinx-0.5/sphinxbase/missing --run automake-1.9'
AWK='awk'
BUILD_DOXYGEN_FALSE=''
BUILD_DOXYGEN_TRUE='#'
BUILD_PYREX_FALSE=''
BUILD_PYREX_TRUE='#'
BUILD_PYTHON_FALSE=''
BUILD_PYTHON_TRUE='#'
CC='gcc'
CCDEPMODE='depmode=gcc3'
CFLAGS='-g -O2 -Wall'
CPP='gcc -E'
CPPFLAGS=''
CXX='g++'
CXXCPP='g++ -E'
CXXDEPMODE='depmode=gcc3'
CXXFLAGS='-g -O2'
CYGPATH_W='echo'
DEFS='-DHAVE_CONFIG_H'
DEPDIR='.deps'
DSYMUTIL='dsymutil'
ECHO='/bin/echo'
ECHO_C='ECHO_N=''
ECHO_T=''
EGREP='/usr/bin/grep -E'
EXEEXT=''
F77='gfortran'
FFLAGS='-g -O2'
FIXED_POINT_FALSE=''
FIXED_POINT_TRUE='#'
GREP='/usr/bin/grep'
HAVE_DOXYGEN='no'
HAVE_PYREX=''
INSTALL_DATA='${INSTALL} -m 644'
INSTALL_PROGRAM='${INSTALL}'
INSTALL_SCRIPT='${INSTALL}'
INSTALL_STRIP_PROGRAM='${SHELL} $(install_sh) -c -s'
LAPACK_LITE_FALSE=''
LAPACK_LITE_TRUE='#'
LDFLAGS=''
LIBICONV='-liconv'
LIBOBJS=''
LIBS='-lpthread -lm '
LIBTOOL='$(SHELL) $(top_builddir)/libtool'
LN_S='ln -s'
LTLIBICONV='-liconv'
LTLIBOBJS=''
MAKEINFO='${SHELL} /Users/madelinelittlejohn/Final-Project-NLP/pocketsphinx-0.5/sphinxbase/missing --run makeinfo'
NMEDIT='nmedit'
OBJEXT='o'
PACKAGE='sphinxbase'
PACKAGE_BUGREPORT=''
PACKAGE_NAME='sphinxbase'
PACKAGE_STRING='sphinxbase 0.4.1'
PACKAGE_TARNAME='sphinxbase'
PACKAGE_VERSION='0.4.1'
PATH_SEPARATOR=':'
PYTHON='bogus'
RANLIB='ranlib'
SED='/usr/bin/sed'
SET_MAKE=''
SHELL='/bin/sh'
STRIP='strip'
USE_LAPACK_FALSE=''
USE_LAPACK_TRUE='#'
USE_THREADS_FALSE='#'
USE_THREADS_TRUE=''
VERSION='0.4.1'
YACC='bison -y'
YFLAGS=''
ac_ct_CC='gcc'
ac_ct_CXX='g++'
ac_ct_F77='gfortran'
ad_backend='AD_BACKEND_NONE'
ad_files='ad_base.lo'
ad_libs=''
am__fastdepCC_FALSE='#'
am__fastdepCC_TRUE=''
am__fastdepCXX_FALSE='#'
am__fastdepCXX_TRUE=''
am__include='include'
am__leading_dot='.'
am__quote=''
am__tar='${AMTAR} chof - "$$tardir"'
am__untar='${AMTAR} xf -'
bindir='${exec_prefix}/bin'
build='i386-apple-darwin19.6.0'
build_alias=''
build_cpu='i386'
build_os='darwin19.6.0'
build_vendor='apple'
datadir='${datarootdir}'
datarootdir='${prefix}/share'
docdir='${datarootdir}/doc/${PACKAGE_TARNAME}'
dvidir='${docdir}'
exec_prefix='${prefix}'
host='i386-apple-darwin19.6.0'
host_alias=''
host_cpu='i386'
host_os='darwin19.6.0'
host_vendor='apple'
htmldir='${docdir}'
includedir='${prefix}/include'
infodir='${datarootdir}/info'
install_sh='/Users/madelinelittlejohn/Final-Project-NLP/pocketsphinx-0.5/sphinxbase/install-sh'
libdir='${exec_prefix}/lib'
libexecdir='${exec_prefix}/libexec'
localedir='${datarootdir}/locale'
localstatedir='${prefix}/var'
mandir='${datarootdir}/man'
mkdir_p='$(install_sh) -d'
oldincludedir='/usr/include'
pdfdir='${docdir}'
prefix='/Users/madelinelittlejohn/Final-Project-NLP/pocketsphinx-0.5/sphinxbase/inst'
program_transform_name='s,x,x,'
psdir='${docdir}'
sbindir='${exec_prefix}/sbin'
sharedstatedir='${prefix}/com'
sysconfdir='${prefix}/etc'
target_alias=''

## ----------- ##
## confdefs.h. ##
## ----------- ##

#define PACKAGE_NAME "sphinxbase"
#define PACKAGE_TARNAME "sphinxbase"
#define PACKAGE_VERSION "0.4.1"
#define PACKAGE_STRING "sphinxbase 0.4.1"
#define PACKAGE_BUGREPORT ""
#define STDC_HEADERS 1
#define HAVE_SYS_TYPES_H 1
#define HAVE_SYS_STAT_H 1
#define HAVE_STDLIB_H 1
#define HAVE_STRING_H 1
#define HAVE_MEMORY_H 1
#define HAVE_STRINGS_H 1
#define HAVE_INTTYPES_H 1
#define HAVE_STDINT_H 1
#define HAVE_UNISTD_H 1
#define RETSIGTYPE void
#define HAVE_LONG_LONG 1
#define SIZEOF_LONG_LONG 8
#define SIZEOF_LONG 8
#define HAVE_POPEN 1
#define HAVE_PERROR 1
#define HAVE_ICONV 1
#define ICONV_CONST 
#define HAVE_LIBM 1
#define HAVE_PTHREAD_H 1
#define HAVE_LIBPTHREAD 1
#define ENABLE_THREADS
#define AD_BACKEND_NONE
#define HAVE_DLFCN_H 1

configure: exit 0
